Sun, 29 May 2016 18:33:36 GMT express-session deprecated undefined resave option; provide resave option at routes/authentication.routes.js:7:11
Sun, 29 May 2016 18:33:36 GMT express-session deprecated undefined saveUninitialized option; provide saveUninitialized option at routes/authentication.routes.js:7:11
Database successfully connected
Sun, 29 May 2016 18:35:20 GMT express-session deprecated undefined resave option; provide resave option at routes/authentication.routes.js:7:11
Sun, 29 May 2016 18:35:20 GMT express-session deprecated undefined saveUninitialized option; provide saveUninitialized option at routes/authentication.routes.js:7:11
Database successfully connected
Mon, 30 May 2016 20:55:10 GMT express-session deprecated undefined resave option; provide resave option at routes/authentication.routes.js:7:11
Mon, 30 May 2016 20:55:10 GMT express-session deprecated undefined saveUninitialized option; provide saveUninitialized option at routes/authentication.routes.js:7:11
events.js:85
      throw er; // Unhandled 'error' event
            ^
Error: listen EADDRINUSE
    at exports._errnoException (util.js:746:11)
    at Server._listen2 (net.js:1158:14)
    at listen (net.js:1184:10)
    at Server.listen (net.js:1269:5)
    at Object.<anonymous> (/root/MKS38/apps/AirDrop/server/server.js:9:16)
    at Module._compile (module.js:460:26)
    at Object.Module._extensions..js (module.js:478:10)
    at Module.load (module.js:355:32)
    at Function.Module._load (module.js:310:12)
    at Function.Module.runMain (module.js:501:10)
    at startup (node.js:129:16)
    at node.js:814:3
